time="2021-09-11T23:25:15+07:00" level=info msg="Starting ToDo API!!!" func=main.main file="/home/kyomel/go-project/src/Refactory Course/Golang Rest-API/main.go:25"
time="2021-09-14T11:42:28+07:00" level=info msg="Starting ToDo API!!!" func=main.main file="/home/kyomel/go-project/src/Refactory Course/Golang Rest-API/main.go:25"
time="2021-09-14T15:11:17+07:00" level=info msg="Starting ToDo API!!!" func=main.main file="/home/kyomel/go-project/src/Refactory Course/Golang Rest-API/main.go:27"
time="2021-09-14T15:11:17+07:00" level=info msg="Starting Database Connection" func=go-rest-api/application/db.DBInit file="/home/kyomel/go-project/src/Refactory Course/Golang Rest-API/application/db/init.go:11"
time="2021-09-14T15:28:26+07:00" level=info msg="Starting ToDo API!!!" func=main.main file="/home/kyomel/go-project/src/Refactory Course/Golang Rest-API/main.go:28"
time="2021-09-14T15:28:26+07:00" level=info msg="Starting Database Connection" func=go-rest-api/application/db.DBInit file="/home/kyomel/go-project/src/Refactory Course/Golang Rest-API/application/db/init.go:11"
time="2021-09-14T15:49:18+07:00" level=info msg="Starting ToDo API!!!" func=main.main file="/home/kyomel/go-project/src/Refactory Course/Golang Rest-API/main.go:28"
time="2021-09-14T15:49:18+07:00" level=info msg="Starting Database Connection" func=go-rest-api/application/db.DBInit file="/home/kyomel/go-project/src/Refactory Course/Golang Rest-API/application/db/init.go:11"
time="2021-09-14T15:49:48+07:00" level=info msg="Starting ToDo API!!!" func=main.main file="/home/kyomel/go-project/src/Refactory Course/Golang Rest-API/main.go:28"
time="2021-09-14T15:49:48+07:00" level=info msg="Starting Database Connection" func=go-rest-api/application/db.DBInit file="/home/kyomel/go-project/src/Refactory Course/Golang Rest-API/application/db/init.go:11"
time="2021-09-14T16:30:37+07:00" level=info msg="Starting ToDo API!!!" func=main.main file="/home/kyomel/go-project/src/Refactory Course/Golang Rest-API/main.go:28"
time="2021-09-14T16:30:37+07:00" level=info msg="Starting Database Connection" func=go-rest-api/application/db.DBInit file="/home/kyomel/go-project/src/Refactory Course/Golang Rest-API/application/db/init.go:11"
time="2021-09-14T17:30:57+07:00" level=info msg="Starting ToDo API!!!" func=main.main file="/home/kyomel/go-project/src/Refactory Course/Golang Rest-API/main.go:28"
time="2021-09-14T17:30:57+07:00" level=info msg="Starting Database Connection" func=go-rest-api/application/db.DBInit file="/home/kyomel/go-project/src/Refactory Course/Golang Rest-API/application/db/init.go:11"
time="2021-09-14T17:48:57+07:00" level=info msg="Starting ToDo API!!!" func=main.main file="/home/kyomel/go-project/src/Refactory Course/Golang Rest-API/main.go:28"
time="2021-09-14T17:48:57+07:00" level=info msg="Starting Database Connection" func=go-rest-api/application/db.DBInit file="/home/kyomel/go-project/src/Refactory Course/Golang Rest-API/application/db/init.go:11"
time="2021-09-14T17:49:59+07:00" level=info msg="Starting ToDo API!!!" func=main.main file="/home/kyomel/go-project/src/Refactory Course/Golang Rest-API/main.go:28"
time="2021-09-14T17:49:59+07:00" level=info msg="Starting Database Connection" func=go-rest-api/application/db.DBInit file="/home/kyomel/go-project/src/Refactory Course/Golang Rest-API/application/db/init.go:11"
time="2021-09-14T18:09:19+07:00" level=info msg="Starting ToDo API!!!" func=main.main file="/home/kyomel/go-project/src/Refactory Course/Golang Rest-API/main.go:28"
time="2021-09-14T18:09:19+07:00" level=info msg="Starting Database Connection" func=go-rest-api/application/db.DBInit file="/home/kyomel/go-project/src/Refactory Course/Golang Rest-API/application/db/init.go:11"
time="2021-09-14T18:14:50+07:00" level=info msg="Starting ToDo API!!!" func=main.main file="/home/kyomel/go-project/src/Refactory Course/Golang Rest-API/main.go:28"
time="2021-09-14T18:14:50+07:00" level=info msg="Starting Database Connection" func=go-rest-api/application/db.DBInit file="/home/kyomel/go-project/src/Refactory Course/Golang Rest-API/application/db/init.go:11"
time="2021-09-14T18:15:56+07:00" level=info msg="Starting ToDo API!!!" func=main.main file="/home/kyomel/go-project/src/Refactory Course/Golang Rest-API/main.go:28"
time="2021-09-14T18:15:56+07:00" level=info msg="Starting Database Connection" func=go-rest-api/application/db.DBInit file="/home/kyomel/go-project/src/Refactory Course/Golang Rest-API/application/db/init.go:11"
time="2021-09-14T18:17:39+07:00" level=info msg="Success Updating ToDo Item" func=go-rest-api/application/handlers.UpdateTodoHandler.func1 file="/home/kyomel/go-project/src/Refactory Course/Golang Rest-API/application/handlers/todo_handler.go:68" Description="Update love Francesca Vania" ID=2 IsCompleted=true
time="2021-09-14T18:30:13+07:00" level=info msg="Starting ToDo API!!!" func=main.main file="/home/kyomel/go-project/src/Refactory Course/Golang Rest-API/main.go:28"
time="2021-09-14T18:30:13+07:00" level=info msg="Starting Database Connection" func=go-rest-api/application/db.DBInit file="/home/kyomel/go-project/src/Refactory Course/Golang Rest-API/application/db/init.go:11"
time="2021-09-14T18:32:20+07:00" level=info msg="Starting ToDo API!!!" func=main.main file="/home/kyomel/go-project/src/Refactory Course/Golang Rest-API/main.go:28"
time="2021-09-14T18:32:20+07:00" level=info msg="Starting Database Connection" func=go-rest-api/application/db.DBInit file="/home/kyomel/go-project/src/Refactory Course/Golang Rest-API/application/db/init.go:11"
time="2021-09-14T18:32:41+07:00" level=info msg="Success Delete ToDo Item" func=go-rest-api/application/handlers.DeleteTodoHandler.func1 file="/home/kyomel/go-project/src/Refactory Course/Golang Rest-API/application/handlers/todo_handler.go:85" ID=2
time="2021-09-29T15:40:24+07:00" level=info msg="Starting ToDo API!!!" func=main.main file="/home/kyomel/go-project/src/Refactory Course/Golang Rest-API/main.go:29"
time="2021-09-29T15:40:24+07:00" level=info msg="Starting Database Connection" func=go-rest-api/application/db.DBInit file="/home/kyomel/go-project/src/Refactory Course/Golang Rest-API/application/db/init.go:11"
time="2021-09-29T15:44:16+07:00" level=info msg="Access from /api/v1/register" func=go-rest-api/middleware.Auth.func1 file="/home/kyomel/go-project/src/Refactory Course/Golang Rest-API/middleware/middleware.go:11"
time="2021-09-29T15:45:44+07:00" level=info msg="Starting ToDo API!!!" func=main.main file="/home/kyomel/go-project/src/Refactory Course/Golang Rest-API/main.go:29"
time="2021-09-29T15:45:44+07:00" level=info msg="Starting Database Connection" func=go-rest-api/application/db.DBInit file="/home/kyomel/go-project/src/Refactory Course/Golang Rest-API/application/db/init.go:11"
time="2021-09-29T15:45:58+07:00" level=info msg="Access from /api/v1/register" func=go-rest-api/middleware.Auth.func1 file="/home/kyomel/go-project/src/Refactory Course/Golang Rest-API/middleware/middleware.go:11"
time="2021-09-29T15:49:32+07:00" level=info msg="Starting ToDo API!!!" func=main.main file="/home/kyomel/go-project/src/Refactory Course/Golang Rest-API/main.go:29"
time="2021-09-29T15:49:32+07:00" level=info msg="Starting Database Connection" func=go-rest-api/application/db.DBInit file="/home/kyomel/go-project/src/Refactory Course/Golang Rest-API/application/db/init.go:11"
time="2021-09-29T15:50:02+07:00" level=info msg="Access from /api/v1/register" func=go-rest-api/middleware.Auth.func1 file="/home/kyomel/go-project/src/Refactory Course/Golang Rest-API/middleware/middleware.go:11"
time="2021-09-29T15:53:20+07:00" level=info msg="Starting ToDo API!!!" func=main.main file="/home/kyomel/go-project/src/Refactory Course/Golang Rest-API/main.go:29"
time="2021-09-29T15:53:20+07:00" level=info msg="Starting Database Connection" func=go-rest-api/application/db.DBInit file="/home/kyomel/go-project/src/Refactory Course/Golang Rest-API/application/db/init.go:11"
time="2021-09-29T15:53:22+07:00" level=info msg="Access from /api/v1/users" func=go-rest-api/middleware.Auth.func1 file="/home/kyomel/go-project/src/Refactory Course/Golang Rest-API/middleware/middleware.go:11"
time="2021-09-29T15:53:29+07:00" level=info msg="Access from /api/v1/users" func=go-rest-api/middleware.Auth.func1 file="/home/kyomel/go-project/src/Refactory Course/Golang Rest-API/middleware/middleware.go:11"
time="2021-09-29T15:53:31+07:00" level=info msg="Access from /api/v1/users" func=go-rest-api/middleware.Auth.func1 file="/home/kyomel/go-project/src/Refactory Course/Golang Rest-API/middleware/middleware.go:11"
time="2021-09-30T09:35:53+07:00" level=info msg="Starting ToDo API!!!" func=main.main file="/home/kyomel/go-project/src/Refactory Course/Golang Rest-API/main.go:29"
time="2021-09-30T09:35:53+07:00" level=info msg="Starting Database Connection" func=go-rest-api/application/db.DBInit file="/home/kyomel/go-project/src/Refactory Course/Golang Rest-API/application/db/init.go:11"
time="2021-09-30T09:36:00+07:00" level=info msg="Access from /api/v1/todo" func=go-rest-api/middleware.Auth.func1.1 file="/home/kyomel/go-project/src/Refactory Course/Golang Rest-API/middleware/middleware.go:15"
time="2021-09-30T09:37:15+07:00" level=info msg="Access from /api/v1/todo" func=go-rest-api/middleware.Auth.func1.1 file="/home/kyomel/go-project/src/Refactory Course/Golang Rest-API/middleware/middleware.go:15"
time="2021-09-30T09:38:46+07:00" level=info msg="Access from /api/v1/register" func=go-rest-api/middleware.Auth.func1.1 file="/home/kyomel/go-project/src/Refactory Course/Golang Rest-API/middleware/middleware.go:15"
time="2021-09-30T09:39:07+07:00" level=info msg="Access from /api/v1/register" func=go-rest-api/middleware.Auth.func1.1 file="/home/kyomel/go-project/src/Refactory Course/Golang Rest-API/middleware/middleware.go:15"
time="2021-09-30T09:50:01+07:00" level=info msg="Starting ToDo API!!!" func=main.main file="/home/kyomel/go-project/src/Refactory Course/Golang Rest-API/main.go:29"
time="2021-09-30T09:50:01+07:00" level=info msg="Starting Database Connection" func=go-rest-api/application/db.DBInit file="/home/kyomel/go-project/src/Refactory Course/Golang Rest-API/application/db/init.go:11"
time="2021-09-30T09:50:13+07:00" level=info msg="Access from /api/v1/register" func=go-rest-api/middleware.Auth.func1.1 file="/home/kyomel/go-project/src/Refactory Course/Golang Rest-API/middleware/middleware.go:16"
time="2021-09-30T09:50:55+07:00" level=info msg="Access from /api/v1/todo" func=go-rest-api/middleware.Auth.func1.1 file="/home/kyomel/go-project/src/Refactory Course/Golang Rest-API/middleware/middleware.go:16"
time="2021-10-18T15:21:45+07:00" level=info msg="Starting ToDo API!!!" func=main.main file="/home/kyomel/go-project/src/Refactory Course/Golang Rest-API/main.go:29"
time="2021-10-18T15:21:45+07:00" level=info msg="Starting Database Connection" func=go-rest-api/application/db.DBInit file="/home/kyomel/go-project/src/Refactory Course/Golang Rest-API/application/db/init.go:11"
time="2021-10-18T15:22:57+07:00" level=info msg="Access from /api/v1/register" func=go-rest-api/middleware.Auth.func1.1 file="/home/kyomel/go-project/src/Refactory Course/Golang Rest-API/middleware/middleware.go:16"
time="2021-10-18T15:23:45+07:00" level=info msg="Access from /api/v1/todo" func=go-rest-api/middleware.Auth.func1.1 file="/home/kyomel/go-project/src/Refactory Course/Golang Rest-API/middleware/middleware.go:16"
time="2021-10-18T15:23:45+07:00" level=warning msg="Failed get image with error http: no such file" func=go-rest-api/application/handlers.CreateToDoHandler.func1 file="/home/kyomel/go-project/src/Refactory Course/Golang Rest-API/application/handlers/todo_handler.go:22"
time="2021-10-18T15:24:38+07:00" level=info msg="Starting ToDo API!!!" func=main.main file="/home/kyomel/go-project/src/Refactory Course/Golang Rest-API/main.go:28"
time="2021-10-18T15:24:38+07:00" level=info msg="Starting Database Connection" func=go-rest-api/application/db.DBInit file="/home/kyomel/go-project/src/Refactory Course/Golang Rest-API/application/db/init.go:11"
time="2021-10-18T15:25:22+07:00" level=info msg="Starting ToDo API!!!" func=main.main file="/home/kyomel/go-project/src/Refactory Course/Golang Rest-API/main.go:28"
time="2021-10-18T15:25:22+07:00" level=info msg="Starting Database Connection" func=go-rest-api/application/db.DBInit file="/home/kyomel/go-project/src/Refactory Course/Golang Rest-API/application/db/init.go:11"
time="2021-10-18T15:25:38+07:00" level=info msg="Access from /api/v1/todo" func=go-rest-api/middleware.Auth.func1.1 file="/home/kyomel/go-project/src/Refactory Course/Golang Rest-API/middleware/middleware.go:16"
time="2021-10-18T15:25:38+07:00" level=warning msg="Failed get image with error http: no such file" func=go-rest-api/application/handlers.CreateToDoHandler.func1 file="/home/kyomel/go-project/src/Refactory Course/Golang Rest-API/application/handlers/todo_handler.go:22"
time="2021-10-18T15:26:50+07:00" level=info msg="Starting ToDo API!!!" func=main.main file="/home/kyomel/go-project/src/Refactory Course/Golang Rest-API/main.go:28"
time="2021-10-18T15:26:50+07:00" level=info msg="Starting Database Connection" func=go-rest-api/application/db.DBInit file="/home/kyomel/go-project/src/Refactory Course/Golang Rest-API/application/db/init.go:11"
time="2021-10-18T15:26:58+07:00" level=info msg="Access from /api/v1/todo" func=go-rest-api/middleware.Auth.func1.1 file="/home/kyomel/go-project/src/Refactory Course/Golang Rest-API/middleware/middleware.go:16"
time="2021-10-18T15:26:58+07:00" level=warning msg="Failed get image with error http: no such file" func=go-rest-api/application/handlers.CreateToDoHandler.func1 file="/home/kyomel/go-project/src/Refactory Course/Golang Rest-API/application/handlers/todo_handler.go:22"
time="2021-10-18T15:59:28+07:00" level=info msg="Starting ToDo API!!!" func=main.main file="/home/kyomel/go-project/src/Refactory Course/Golang Rest-API/main.go:28"
time="2021-10-18T15:59:28+07:00" level=info msg="Starting Database Connection" func=go-rest-api/application/db.DBInit file="/home/kyomel/go-project/src/Refactory Course/Golang Rest-API/application/db/init.go:11"
time="2021-10-18T15:59:51+07:00" level=info msg="Access from /api/v1/todo" func=go-rest-api/middleware.Auth.func1.1 file="/home/kyomel/go-project/src/Refactory Course/Golang Rest-API/middleware/middleware.go:16"
time="2021-10-18T15:59:51+07:00" level=info msg="Success Add new Todo Item" func=go-rest-api/application/handlers.CreateToDoHandler.func1 file="/home/kyomel/go-project/src/Refactory Course/Golang Rest-API/application/handlers/todo_handler.go:68" Description="Love Francesca Vania" ImageURL="localhost:8001/image/image20211018155951.jpg"
time="2021-10-18T16:01:46+07:00" level=info msg="Starting ToDo API!!!" func=main.main file="/home/kyomel/go-project/src/Refactory Course/Golang Rest-API/main.go:29"
time="2021-10-18T16:01:46+07:00" level=info msg="Starting Database Connection" func=go-rest-api/application/db.DBInit file="/home/kyomel/go-project/src/Refactory Course/Golang Rest-API/application/db/init.go:11"
time="2021-10-18T16:02:43+07:00" level=info msg="Access from /api/v1/register" func=go-rest-api/middleware.Auth.func1.1 file="/home/kyomel/go-project/src/Refactory Course/Golang Rest-API/middleware/middleware.go:16"
time="2021-10-18T16:03:01+07:00" level=info msg="Access from /api/v1/todo" func=go-rest-api/middleware.Auth.func1.1 file="/home/kyomel/go-project/src/Refactory Course/Golang Rest-API/middleware/middleware.go:16"
time="2021-10-18T16:03:01+07:00" level=info msg="Success Add new Todo Item" func=go-rest-api/application/handlers.CreateToDoHandler.func1 file="/home/kyomel/go-project/src/Refactory Course/Golang Rest-API/application/handlers/todo_handler.go:68" Description="Love Francesca Vania" ImageURL="localhost:8001/image/image20211018160301.jpg"
time="2021-10-18T16:38:39+07:00" level=info msg="Starting ToDo API!!!" func=main.main file="/home/kyomel/go-project/src/Refactory Course/Golang Rest-API/main.go:28"
time="2021-10-18T16:38:39+07:00" level=info msg="Starting Database Connection" func=go-rest-api/application/db.DBInit file="/home/kyomel/go-project/src/Refactory Course/Golang Rest-API/application/db/init.go:11"
time="2021-10-18T16:39:35+07:00" level=info msg="Starting ToDo API!!!" func=main.main file="/home/kyomel/go-project/src/Refactory Course/Golang Rest-API/main.go:28"
time="2021-10-18T16:39:35+07:00" level=info msg="Starting Database Connection" func=go-rest-api/application/db.DBInit file="/home/kyomel/go-project/src/Refactory Course/Golang Rest-API/application/db/init.go:11"
time="2021-10-18T16:41:35+07:00" level=info msg="Starting ToDo API!!!" func=main.main file="/home/kyomel/go-project/src/Refactory Course/Golang Rest-API/main.go:28"
time="2021-10-18T16:41:35+07:00" level=info msg="Starting Database Connection" func=go-rest-api/application/db.DBInit file="/home/kyomel/go-project/src/Refactory Course/Golang Rest-API/application/db/init.go:11"
time="2021-10-18T16:42:00+07:00" level=info msg="Access from /image/image20211018160301.jpg" func=go-rest-api/middleware.Auth.func1.1 file="/home/kyomel/go-project/src/Refactory Course/Golang Rest-API/middleware/middleware.go:16"
time="2021-10-18T16:42:00+07:00" level=warning msg="Failed get file with error open ./image/image20211018160301.jpg: no such file or directory" func=go-rest-api/application/handlers.ShowImageHandler file="/home/kyomel/go-project/src/Refactory Course/Golang Rest-API/application/handlers/image_handler.go:20"
time="2021-10-18T16:42:23+07:00" level=info msg="Access from /image/image20211018160301.jpg" func=go-rest-api/middleware.Auth.func1.1 file="/home/kyomel/go-project/src/Refactory Course/Golang Rest-API/middleware/middleware.go:16"
time="2021-10-18T16:42:23+07:00" level=warning msg="Failed get file with error open ./image/image20211018160301.jpg: no such file or directory" func=go-rest-api/application/handlers.ShowImageHandler file="/home/kyomel/go-project/src/Refactory Course/Golang Rest-API/application/handlers/image_handler.go:20"
time="2021-10-18T16:43:42+07:00" level=info msg="Starting ToDo API!!!" func=main.main file="/home/kyomel/go-project/src/Refactory Course/Golang Rest-API/main.go:28"
time="2021-10-18T16:43:42+07:00" level=info msg="Starting Database Connection" func=go-rest-api/application/db.DBInit file="/home/kyomel/go-project/src/Refactory Course/Golang Rest-API/application/db/init.go:11"
time="2021-10-18T16:43:52+07:00" level=info msg="Access from /image/image20211018160301.jpg" func=go-rest-api/middleware.Auth.func1.1 file="/home/kyomel/go-project/src/Refactory Course/Golang Rest-API/middleware/middleware.go:16"
time="2021-10-18T16:44:23+07:00" level=info msg="Access from /api/v1/todo" func=go-rest-api/middleware.Auth.func1.1 file="/home/kyomel/go-project/src/Refactory Course/Golang Rest-API/middleware/middleware.go:16"
time="2021-10-18T16:44:23+07:00" level=info msg="Success Add new Todo Item" func=go-rest-api/application/handlers.CreateToDoHandler.func1 file="/home/kyomel/go-project/src/Refactory Course/Golang Rest-API/application/handlers/todo_handler.go:68" Description="Love Francesca Vania" ImageURL="localhost:8001/image/image20211018164423.jpg"
time="2021-10-18T16:44:55+07:00" level=info msg="Access from /image/image20211018164423.jpg" func=go-rest-api/middleware.Auth.func1.1 file="/home/kyomel/go-project/src/Refactory Course/Golang Rest-API/middleware/middleware.go:16"
